{"total": {"lines":{"total":45,"covered":45,"skipped":0,"pct":100},"statements":{"total":62,"covered":62,"skipped":0,"pct":100},"functions":{"total":24,"covered":24,"skipped":0,"pct":100},"branches":{"total":10,"covered":10,"skipped":0,"pct":100}}
,"/home/runner/work/Auto-Sched/Auto-Sched/src/email.ts": {"lines":{"total":45,"covered":45,"skipped":0,"pct":100},"functions":{"total":24,"covered":24,"skipped":0,"pct":100},"statements":{"total":62,"covered":62,"skipped":0,"pct":100},"branches":{"total":10,"covered":10,"skipped":0,"pct":100}}
}
