{"total": {"lines":{"total":45,"covered":45,"skipped":0,"pct":100},"statements":{"total":63,"covered":63,"skipped":0,"pct":100},"functions":{"total":22,"covered":22,"skipped":0,"pct":100},"branches":{"total":11,"covered":11,"skipped":0,"pct":100}}
,"/home/runner/work/Auto-Sched/Auto-Sched/src/email.ts": {"lines":{"total":45,"covered":45,"skipped":0,"pct":100},"functions":{"total":22,"covered":22,"skipped":0,"pct":100},"statements":{"total":63,"covered":63,"skipped":0,"pct":100},"branches":{"total":11,"covered":11,"skipped":0,"pct":100}}
}
