{"total": {"lines":{"total":185,"covered":182,"skipped":0,"pct":98.38},"statements":{"total":229,"covered":225,"skipped":0,"pct":98.25},"functions":{"total":54,"covered":52,"skipped":0,"pct":96.3},"branches":{"total":76,"covered":66,"skipped":0,"pct":86.84}}
,"/home/runner/work/Auto-Sched/Auto-Sched/src/lib/daily.ts": {"lines":{"total":112,"covered":109,"skipped":0,"pct":97.32},"functions":{"total":24,"covered":22,"skipped":0,"pct":91.67},"statements":{"total":128,"covered":124,"skipped":0,"pct":96.88},"branches":{"total":53,"covered":44,"skipped":0,"pct":83.02}}
,"/home/runner/work/Auto-Sched/Auto-Sched/src/lib/email.ts": {"lines":{"total":45,"covered":45,"skipped":0,"pct":100},"functions":{"total":22,"covered":22,"skipped":0,"pct":100},"statements":{"total":63,"covered":63,"skipped":0,"pct":100},"branches":{"total":11,"covered":11,"skipped":0,"pct":100}}
,"/home/runner/work/Auto-Sched/Auto-Sched/src/lib/pdf.ts": {"lines":{"total":9,"covered":9,"skipped":0,"pct":100},"functions":{"total":5,"covered":5,"skipped":0,"pct":100},"statements":{"total":13,"covered":13,"skipped":0,"pct":100},"branches":{"total":0,"covered":0,"skipped":0,"pct":100}}
,"/home/runner/work/Auto-Sched/Auto-Sched/src/lib/time.ts": {"lines":{"total":19,"covered":19,"skipped":0,"pct":100},"functions":{"total":3,"covered":3,"skipped":0,"pct":100},"statements":{"total":25,"covered":25,"skipped":0,"pct":100},"branches":{"total":12,"covered":11,"skipped":0,"pct":91.67}}
}
